{"contracts/interfaces/ITermPool.sol":{"l":{},"path":"/root/projects/paybridge-term/contracts/interfaces/ITermPool.sol","s":{},"b":{},"f":{},"fnMap":{},"statementMap":{},"branchMap":{}},"contracts/mocks/MockERC20.sol":{"l":{"10":91,"14":364,"18":0,"22":0},"path":"/root/projects/paybridge-term/contracts/mocks/MockERC20.sol","s":{"1":364,"2":0,"3":0},"b":{},"f":{"1":91,"2":364,"3":0,"4":0},"fnMap":{"1":{"name":"constructor","line":9,"loc":{"start":{"line":9,"column":4},"end":{"line":11,"column":4}}},"2":{"name":"mint","line":13,"loc":{"start":{"line":13,"column":4},"end":{"line":15,"column":4}}},"3":{"name":"burn","line":17,"loc":{"start":{"line":17,"column":4},"end":{"line":19,"column":4}}},"4":{"name":"decimals","line":21,"loc":{"start":{"line":21,"column":4},"end":{"line":23,"column":4}}}},"statementMap":{"1":{"start":{"line":14,"column":8},"end":{"line":14,"column":24}},"2":{"start":{"line":18,"column":8},"end":{"line":18,"column":26}},"3":{"start":{"line":22,"column":8},"end":{"line":22,"column":24}}},"branchMap":{}},"contracts/TermPositionNFT.sol":{"l":{"34":78,"35":77,"39":95,"43":95,"44":95,"55":68,"56":68,"58":68,"68":68,"70":68,"72":68,"76":9,"77":9,"78":9,"80":9,"84":22,"85":21,"89":3,"90":2,"94":20,"98":5,"100":4,"101":4,"102":4,"104":4,"117":4,"124":4,"133":2,"141":81,"148":0,"152":19},"path":"/root/projects/paybridge-term/contracts/TermPositionNFT.sol","s":{"1":78,"2":95,"3":68,"4":68,"5":68,"6":68,"7":9,"8":9,"9":9,"10":22,"11":21,"12":3,"13":2,"14":20,"15":5,"16":4,"17":4,"18":4,"19":4,"20":4,"21":4,"22":2,"23":81,"24":0,"25":19},"b":{"1":[77,1],"2":[95,0],"3":[68,0],"4":[9,1],"5":[9,0],"6":[21,1],"7":[2,1],"8":[4,1],"9":[1,3]},"f":{"1":78,"2":95,"3":95,"4":68,"5":9,"6":22,"7":3,"8":20,"9":5,"10":4,"11":2,"12":81,"13":0,"14":19},"fnMap":{"1":{"name":"onlyVault","line":33,"loc":{"start":{"line":33,"column":4},"end":{"line":36,"column":4}}},"2":{"name":"constructor","line":38,"loc":{"start":{"line":38,"column":4},"end":{"line":40,"column":4}}},"3":{"name":"authorizeVault","line":42,"loc":{"start":{"line":42,"column":4},"end":{"line":45,"column":4}}},"4":{"name":"mint","line":54,"loc":{"start":{"line":47,"column":4},"end":{"line":73,"column":4}}},"5":{"name":"burn","line":75,"loc":{"start":{"line":75,"column":4},"end":{"line":81,"column":4}}},"6":{"name":"getPosition","line":83,"loc":{"start":{"line":83,"column":4},"end":{"line":86,"column":4}}},"7":{"name":"isMatured","line":88,"loc":{"start":{"line":88,"column":4},"end":{"line":91,"column":4}}},"8":{"name":"exists","line":93,"loc":{"start":{"line":93,"column":4},"end":{"line":95,"column":4}}},"9":{"name":"tokenURI","line":97,"loc":{"start":{"line":97,"column":4},"end":{"line":121,"column":4}}},"10":{"name":"totalMinted","line":123,"loc":{"start":{"line":123,"column":4},"end":{"line":125,"column":4}}},"11":{"name":"supportsInterface","line":127,"loc":{"start":{"line":127,"column":4},"end":{"line":134,"column":4}}},"12":{"name":"_update","line":136,"loc":{"start":{"line":136,"column":4},"end":{"line":142,"column":4}}},"13":{"name":"_increaseBalance","line":144,"loc":{"start":{"line":144,"column":4},"end":{"line":149,"column":4}}},"14":{"name":"ownerOf","line":151,"loc":{"start":{"line":151,"column":4},"end":{"line":153,"column":4}}}},"statementMap":{"1":{"start":{"line":34,"column":8},"end":{"line":34,"column":75}},"2":{"start":{"line":43,"column":8},"end":{"line":43,"column":62}},"3":{"start":{"line":56,"column":8},"end":{"line":56,"column":44}},"4":{"start":{"line":68,"column":8},"end":{"line":68,"column":32}},"5":{"start":{"line":70,"column":8},"end":{"line":70,"column":74}},"6":{"start":{"line":72,"column":8},"end":{"line":72,"column":25}},"7":{"start":{"line":76,"column":8},"end":{"line":76,"column":70}},"8":{"start":{"line":78,"column":8},"end":{"line":78,"column":21}},"9":{"start":{"line":80,"column":8},"end":{"line":80,"column":38}},"10":{"start":{"line":84,"column":8},"end":{"line":84,"column":74}},"11":{"start":{"line":85,"column":8},"end":{"line":85,"column":34}},"12":{"start":{"line":89,"column":8},"end":{"line":89,"column":74}},"13":{"start":{"line":90,"column":8},"end":{"line":90,"column":71}},"14":{"start":{"line":94,"column":8},"end":{"line":94,"column":46}},"15":{"start":{"line":98,"column":8},"end":{"line":98,"column":71}},"16":{"start":{"line":100,"column":8},"end":{"line":100,"column":49}},"17":{"start":{"line":101,"column":8},"end":{"line":101,"column":94}},"18":{"start":{"line":102,"column":8},"end":{"line":102,"column":52}},"19":{"start":{"line":104,"column":8},"end":{"line":104,"column":3673}},"20":{"start":{"line":117,"column":8},"end":{"line":117,"column":4405}},"21":{"start":{"line":124,"column":8},"end":{"line":124,"column":30}},"22":{"start":{"line":133,"column":8},"end":{"line":133,"column":51}},"23":{"start":{"line":141,"column":8},"end":{"line":141,"column":47}},"24":{"start":{"line":148,"column":8},"end":{"line":148,"column":45}},"25":{"start":{"line":152,"column":8},"end":{"line":152,"column":37}}},"branchMap":{"1":{"line":34,"type":"if","locations":[{"start":{"line":34,"column":8},"end":{"line":34,"column":8}},{"start":{"line":34,"column":8},"end":{"line":34,"column":8}}]},"2":{"line":43,"type":"if","locations":[{"start":{"line":43,"column":8},"end":{"line":43,"column":8}},{"start":{"line":43,"column":8},"end":{"line":43,"column":8}}]},"3":{"line":54,"type":"if","locations":[{"start":{"line":54,"column":15},"end":{"line":54,"column":15}},{"start":{"line":54,"column":15},"end":{"line":54,"column":15}}]},"4":{"line":75,"type":"if","locations":[{"start":{"line":75,"column":44},"end":{"line":75,"column":44}},{"start":{"line":75,"column":44},"end":{"line":75,"column":44}}]},"5":{"line":76,"type":"if","locations":[{"start":{"line":76,"column":8},"end":{"line":76,"column":8}},{"start":{"line":76,"column":8},"end":{"line":76,"column":8}}]},"6":{"line":84,"type":"if","locations":[{"start":{"line":84,"column":8},"end":{"line":84,"column":8}},{"start":{"line":84,"column":8},"end":{"line":84,"column":8}}]},"7":{"line":89,"type":"if","locations":[{"start":{"line":89,"column":8},"end":{"line":89,"column":8}},{"start":{"line":89,"column":8},"end":{"line":89,"column":8}}]},"8":{"line":98,"type":"if","locations":[{"start":{"line":98,"column":8},"end":{"line":98,"column":8}},{"start":{"line":98,"column":8},"end":{"line":98,"column":8}}]},"9":{"line":101,"type":"if","locations":[{"start":{"line":101,"column":74},"end":{"line":101,"column":82}},{"start":{"line":101,"column":86},"end":{"line":101,"column":93}}]}}},"contracts/TermVault.sol":{"l":{"21":1,"81":97,"82":96,"84":95,"85":95,"86":95,"88":95,"89":95,"92":95,"93":95,"95":95,"96":95,"97":95,"105":73,"106":72,"107":71,"108":69,"110":68,"111":68,"113":68,"115":68,"124":68,"126":68,"130":15,"131":13,"133":11,"135":11,"136":2,"138":9,"140":9,"141":9,"143":9,"145":9,"146":9,"147":9,"149":9,"151":9,"153":9,"154":9,"162":18,"163":18,"167":2,"169":1,"170":1,"171":1,"172":1,"176":41,"178":40,"179":40,"181":40,"185":93,"186":92,"188":1,"193":1,"195":1,"196":1,"198":1,"202":1,"203":1,"205":1,"209":1,"210":1,"212":1,"216":1,"220":1,"224":2,"228":3,"229":3,"233":1,"237":1,"241":1},"path":"/root/projects/paybridge-term/contracts/TermVault.sol","s":{"1":1,"2":97,"3":96,"4":95,"5":95,"6":95,"7":95,"8":73,"9":72,"10":71,"11":69,"12":68,"13":68,"14":68,"15":68,"16":15,"17":13,"18":11,"19":11,"20":9,"21":9,"22":9,"23":9,"24":9,"25":9,"26":18,"27":18,"28":2,"29":1,"30":41,"31":40,"32":40,"33":93,"34":92,"35":1,"36":1,"37":1,"38":1,"39":1,"40":1,"41":1,"42":1,"43":1,"44":1,"45":2,"46":3,"47":3,"48":1,"49":1,"50":1},"b":{"1":[96,1],"2":[95,1],"3":[74,0],"4":[73,1],"5":[1,72],"6":[1,71],"7":[2,69],"8":[1,68],"9":[15,0],"10":[2,13],"11":[2,11],"12":[2,9],"13":[0,9],"14":[0,9],"15":[1,1],"16":[41,1],"17":[1,40],"18":[93,0],"19":[92,1],"20":[1,1],"21":[0,1],"22":[1,0],"23":[1,0],"24":[1,1],"25":[1,0],"26":[0,3]},"f":{"1":1,"2":97,"3":73,"4":15,"5":18,"6":2,"7":41,"8":93,"9":1,"10":1,"11":1,"12":1,"13":1,"14":2,"15":3,"16":1,"17":1,"18":1},"fnMap":{"1":{"name":"asset","line":20,"loc":{"start":{"line":20,"column":4},"end":{"line":22,"column":4}}},"2":{"name":"constructor","line":72,"loc":{"start":{"line":72,"column":4},"end":{"line":98,"column":4}}},"3":{"name":"deposit","line":104,"loc":{"start":{"line":100,"column":4},"end":{"line":127,"column":4}}},"4":{"name":"withdraw","line":129,"loc":{"start":{"line":129,"column":4},"end":{"line":155,"column":4}}},"5":{"name":"calculateYield","line":157,"loc":{"start":{"line":157,"column":4},"end":{"line":164,"column":4}}},"6":{"name":"previewWithdraw","line":166,"loc":{"start":{"line":166,"column":4},"end":{"line":173,"column":4}}},"7":{"name":"recordYieldInjection","line":175,"loc":{"start":{"line":175,"column":4},"end":{"line":182,"column":4}}},"8":{"name":"setYieldInjector","line":184,"loc":{"start":{"line":184,"column":4},"end":{"line":190,"column":4}}},"9":{"name":"setTermAPY","line":192,"loc":{"start":{"line":192,"column":4},"end":{"line":199,"column":4}}},"10":{"name":"setDepositCap","line":201,"loc":{"start":{"line":201,"column":4},"end":{"line":206,"column":4}}},"11":{"name":"setMinDeposit","line":208,"loc":{"start":{"line":208,"column":4},"end":{"line":213,"column":4}}},"12":{"name":"pause","line":215,"loc":{"start":{"line":215,"column":4},"end":{"line":217,"column":4}}},"13":{"name":"unpause","line":219,"loc":{"start":{"line":219,"column":4},"end":{"line":221,"column":4}}},"14":{"name":"getTermCount","line":223,"loc":{"start":{"line":223,"column":4},"end":{"line":225,"column":4}}},"15":{"name":"getTermInfo","line":227,"loc":{"start":{"line":227,"column":4},"end":{"line":230,"column":4}}},"16":{"name":"totalAssets","line":232,"loc":{"start":{"line":232,"column":4},"end":{"line":234,"column":4}}},"17":{"name":"availableYield","line":236,"loc":{"start":{"line":236,"column":4},"end":{"line":238,"column":4}}},"18":{"name":"totalOutstanding","line":240,"loc":{"start":{"line":240,"column":4},"end":{"line":242,"column":4}}}},"statementMap":{"1":{"start":{"line":21,"column":8},"end":{"line":21,"column":30}},"2":{"start":{"line":81,"column":8},"end":{"line":81,"column":82}},"3":{"start":{"line":82,"column":8},"end":{"line":82,"column":64}},"4":{"start":{"line":88,"column":8},"end":{"line":88,"column":3138}},"5":{"start":{"line":95,"column":8},"end":{"line":95,"column":44}},"6":{"start":{"line":96,"column":8},"end":{"line":96,"column":43}},"7":{"start":{"line":97,"column":8},"end":{"line":97,"column":37}},"8":{"start":{"line":105,"column":8},"end":{"line":105,"column":44}},"9":{"start":{"line":106,"column":8},"end":{"line":106,"column":79}},"10":{"start":{"line":107,"column":8},"end":{"line":107,"column":112}},"11":{"start":{"line":108,"column":8},"end":{"line":108,"column":107}},"12":{"start":{"line":110,"column":8},"end":{"line":110,"column":69}},"13":{"start":{"line":111,"column":8},"end":{"line":111,"column":41}},"14":{"start":{"line":113,"column":8},"end":{"line":113,"column":65}},"15":{"start":{"line":126,"column":8},"end":{"line":126,"column":91}},"16":{"start":{"line":130,"column":8},"end":{"line":130,"column":84}},"17":{"start":{"line":131,"column":8},"end":{"line":131,"column":127}},"18":{"start":{"line":133,"column":8},"end":{"line":133,"column":82}},"19":{"start":{"line":135,"column":8},"end":{"line":135,"column":4891}},"20":{"start":{"line":138,"column":8},"end":{"line":138,"column":68}},"21":{"start":{"line":140,"column":8},"end":{"line":140,"column":95}},"22":{"start":{"line":143,"column":8},"end":{"line":143,"column":35}},"23":{"start":{"line":151,"column":8},"end":{"line":151,"column":46}},"24":{"start":{"line":153,"column":8},"end":{"line":153,"column":81}},"25":{"start":{"line":154,"column":8},"end":{"line":154,"column":54}},"26":{"start":{"line":162,"column":8},"end":{"line":162,"column":56}},"27":{"start":{"line":163,"column":8},"end":{"line":163,"column":69}},"28":{"start":{"line":167,"column":8},"end":{"line":167,"column":84}},"29":{"start":{"line":169,"column":8},"end":{"line":169,"column":82}},"30":{"start":{"line":176,"column":8},"end":{"line":176,"column":44}},"31":{"start":{"line":178,"column":8},"end":{"line":178,"column":65}},"32":{"start":{"line":181,"column":8},"end":{"line":181,"column":53}},"33":{"start":{"line":185,"column":8},"end":{"line":185,"column":6856}},"34":{"start":{"line":186,"column":12},"end":{"line":186,"column":52}},"35":{"start":{"line":188,"column":12},"end":{"line":188,"column":53}},"36":{"start":{"line":193,"column":8},"end":{"line":193,"column":107}},"37":{"start":{"line":195,"column":8},"end":{"line":195,"column":44}},"38":{"start":{"line":198,"column":8},"end":{"line":198,"column":50}},"39":{"start":{"line":202,"column":8},"end":{"line":202,"column":35}},"40":{"start":{"line":205,"column":8},"end":{"line":205,"column":46}},"41":{"start":{"line":209,"column":8},"end":{"line":209,"column":35}},"42":{"start":{"line":212,"column":8},"end":{"line":212,"column":46}},"43":{"start":{"line":216,"column":8},"end":{"line":216,"column":15}},"44":{"start":{"line":220,"column":8},"end":{"line":220,"column":17}},"45":{"start":{"line":224,"column":8},"end":{"line":224,"column":35}},"46":{"start":{"line":228,"column":8},"end":{"line":228,"column":107}},"47":{"start":{"line":229,"column":8},"end":{"line":229,"column":62}},"48":{"start":{"line":233,"column":8},"end":{"line":233,"column":46}},"49":{"start":{"line":237,"column":8},"end":{"line":237,"column":32}},"50":{"start":{"line":241,"column":8},"end":{"line":241,"column":49}}},"branchMap":{"1":{"line":81,"type":"if","locations":[{"start":{"line":81,"column":8},"end":{"line":81,"column":8}},{"start":{"line":81,"column":8},"end":{"line":81,"column":8}}]},"2":{"line":82,"type":"if","locations":[{"start":{"line":82,"column":8},"end":{"line":82,"column":8}},{"start":{"line":82,"column":8},"end":{"line":82,"column":8}}]},"3":{"line":104,"type":"if","locations":[{"start":{"line":104,"column":15},"end":{"line":104,"column":15}},{"start":{"line":104,"column":15},"end":{"line":104,"column":15}}]},"4":{"line":104,"type":"if","locations":[{"start":{"line":104,"column":28},"end":{"line":104,"column":28}},{"start":{"line":104,"column":28},"end":{"line":104,"column":28}}]},"5":{"line":105,"type":"if","locations":[{"start":{"line":105,"column":8},"end":{"line":105,"column":8}},{"start":{"line":105,"column":8},"end":{"line":105,"column":8}}]},"6":{"line":106,"type":"if","locations":[{"start":{"line":106,"column":8},"end":{"line":106,"column":8}},{"start":{"line":106,"column":8},"end":{"line":106,"column":8}}]},"7":{"line":107,"type":"if","locations":[{"start":{"line":107,"column":8},"end":{"line":107,"column":8}},{"start":{"line":107,"column":8},"end":{"line":107,"column":8}}]},"8":{"line":108,"type":"if","locations":[{"start":{"line":108,"column":8},"end":{"line":108,"column":8}},{"start":{"line":108,"column":8},"end":{"line":108,"column":8}}]},"9":{"line":129,"type":"if","locations":[{"start":{"line":129,"column":51},"end":{"line":129,"column":51}},{"start":{"line":129,"column":51},"end":{"line":129,"column":51}}]},"10":{"line":130,"type":"if","locations":[{"start":{"line":130,"column":8},"end":{"line":130,"column":8}},{"start":{"line":130,"column":8},"end":{"line":130,"column":8}}]},"11":{"line":131,"type":"if","locations":[{"start":{"line":131,"column":8},"end":{"line":131,"column":8}},{"start":{"line":131,"column":8},"end":{"line":131,"column":8}}]},"12":{"line":135,"type":"if","locations":[{"start":{"line":135,"column":8},"end":{"line":135,"column":8}},{"start":{"line":135,"column":8},"end":{"line":135,"column":8}}]},"13":{"line":138,"type":"if","locations":[{"start":{"line":138,"column":8},"end":{"line":138,"column":8}},{"start":{"line":138,"column":8},"end":{"line":138,"column":8}}]},"14":{"line":147,"type":"if","locations":[{"start":{"line":147,"column":67},"end":{"line":147,"column":83}},{"start":{"line":147,"column":87},"end":{"line":147,"column":97}}]},"15":{"line":167,"type":"if","locations":[{"start":{"line":167,"column":8},"end":{"line":167,"column":8}},{"start":{"line":167,"column":8},"end":{"line":167,"column":8}}]},"16":{"line":175,"type":"if","locations":[{"start":{"line":175,"column":59},"end":{"line":175,"column":59}},{"start":{"line":175,"column":59},"end":{"line":175,"column":59}}]},"17":{"line":176,"type":"if","locations":[{"start":{"line":176,"column":8},"end":{"line":176,"column":8}},{"start":{"line":176,"column":8},"end":{"line":176,"column":8}}]},"18":{"line":184,"type":"if","locations":[{"start":{"line":184,"column":74},"end":{"line":184,"column":74}},{"start":{"line":184,"column":74},"end":{"line":184,"column":74}}]},"19":{"line":185,"type":"if","locations":[{"start":{"line":185,"column":8},"end":{"line":185,"column":8}},{"start":{"line":185,"column":8},"end":{"line":185,"column":8}}]},"20":{"line":192,"type":"if","locations":[{"start":{"line":192,"column":68},"end":{"line":192,"column":68}},{"start":{"line":192,"column":68},"end":{"line":192,"column":68}}]},"21":{"line":193,"type":"if","locations":[{"start":{"line":193,"column":8},"end":{"line":193,"column":8}},{"start":{"line":193,"column":8},"end":{"line":193,"column":8}}]},"22":{"line":201,"type":"if","locations":[{"start":{"line":201,"column":52},"end":{"line":201,"column":52}},{"start":{"line":201,"column":52},"end":{"line":201,"column":52}}]},"23":{"line":208,"type":"if","locations":[{"start":{"line":208,"column":52},"end":{"line":208,"column":52}},{"start":{"line":208,"column":52},"end":{"line":208,"column":52}}]},"24":{"line":215,"type":"if","locations":[{"start":{"line":215,"column":30},"end":{"line":215,"column":30}},{"start":{"line":215,"column":30},"end":{"line":215,"column":30}}]},"25":{"line":219,"type":"if","locations":[{"start":{"line":219,"column":32},"end":{"line":219,"column":32}},{"start":{"line":219,"column":32},"end":{"line":219,"column":32}}]},"26":{"line":228,"type":"if","locations":[{"start":{"line":228,"column":8},"end":{"line":228,"column":8}},{"start":{"line":228,"column":8},"end":{"line":228,"column":8}}]}}},"contracts/TermVaultFactory.sol":{"l":{"27":95,"29":95,"31":95,"41":95,"43":95,"44":95,"46":95,"50":3,"54":1,"58":95,"59":95,"60":1900,"61":1900,"62":1900,"63":1900,"64":1900,"66":95,"70":3800},"path":"/root/projects/paybridge-term/contracts/TermVaultFactory.sol","s":{"1":95,"2":95,"3":95,"4":95,"5":3,"6":1,"7":95,"8":95,"9":1900,"10":1900,"11":1900,"12":95,"13":3800,"14":2339,"15":1461},"b":{"1":[2339,1461]},"f":{"1":95,"2":3,"3":1,"4":95,"5":3800},"fnMap":{"1":{"name":"createVault","line":19,"loc":{"start":{"line":19,"column":4},"end":{"line":47,"column":4}}},"2":{"name":"getVaultCount","line":49,"loc":{"start":{"line":49,"column":4},"end":{"line":51,"column":4}}},"3":{"name":"getAllVaults","line":53,"loc":{"start":{"line":53,"column":4},"end":{"line":55,"column":4}}},"4":{"name":"_toAsciiString","line":57,"loc":{"start":{"line":57,"column":4},"end":{"line":67,"column":4}}},"5":{"name":"_char","line":69,"loc":{"start":{"line":69,"column":4},"end":{"line":72,"column":4}}}},"statementMap":{"1":{"start":{"line":27,"column":8},"end":{"line":27,"column":96}},"2":{"start":{"line":41,"column":8},"end":{"line":41,"column":63}},"3":{"start":{"line":43,"column":8},"end":{"line":43,"column":28}},"4":{"start":{"line":46,"column":8},"end":{"line":46,"column":74}},"5":{"start":{"line":50,"column":8},"end":{"line":50,"column":31}},"6":{"start":{"line":54,"column":8},"end":{"line":54,"column":24}},"7":{"start":{"line":58,"column":8},"end":{"line":58,"column":38}},"8":{"start":{"line":59,"column":8},"end":{"line":59,"column":1654}},"9":{"start":{"line":60,"column":12},"end":{"line":60,"column":74}},"10":{"start":{"line":61,"column":12},"end":{"line":61,"column":45}},"11":{"start":{"line":62,"column":12},"end":{"line":62,"column":57}},"12":{"start":{"line":66,"column":8},"end":{"line":66,"column":24}},"13":{"start":{"line":70,"column":8},"end":{"line":70,"column":2084}},"14":{"start":{"line":70,"column":27},"end":{"line":70,"column":57}},"15":{"start":{"line":71,"column":13},"end":{"line":71,"column":43}}},"branchMap":{"1":{"line":70,"type":"if","locations":[{"start":{"line":70,"column":8},"end":{"line":70,"column":8}},{"start":{"line":70,"column":8},"end":{"line":70,"column":8}}]}}},"contracts/YieldDistributor.sol":{"l":{"32":93,"33":92,"35":91,"36":91,"38":91,"39":91,"43":7,"45":7,"46":7,"47":7,"49":7,"56":7,"60":2,"62":1,"63":1,"65":1,"69":2,"73":1,"77":2,"78":1},"path":"/root/projects/paybridge-term/contracts/YieldDistributor.sol","s":{"1":93,"2":92,"3":91,"4":91,"5":7,"6":7,"7":7,"8":7,"9":7,"10":7,"11":2,"12":1,"13":1,"14":2,"15":1,"16":2,"17":1},"b":{"1":[1,92],"2":[1,91],"3":[7,0],"4":[0,7],"5":[2,0],"6":[1,1],"7":[1,1]},"f":{"1":93,"2":7,"3":2,"4":2,"5":1,"6":2},"fnMap":{"1":{"name":"constructor","line":31,"loc":{"start":{"line":31,"column":4},"end":{"line":40,"column":4}}},"2":{"name":"injectYield","line":42,"loc":{"start":{"line":42,"column":4},"end":{"line":57,"column":4}}},"3":{"name":"setVault","line":59,"loc":{"start":{"line":59,"column":4},"end":{"line":66,"column":4}}},"4":{"name":"getInjectionHistory","line":68,"loc":{"start":{"line":68,"column":4},"end":{"line":70,"column":4}}},"5":{"name":"getInjectionCount","line":72,"loc":{"start":{"line":72,"column":4},"end":{"line":74,"column":4}}},"6":{"name":"getLatestInjection","line":76,"loc":{"start":{"line":76,"column":4},"end":{"line":79,"column":4}}}},"statementMap":{"1":{"start":{"line":32,"column":8},"end":{"line":32,"column":55}},"2":{"start":{"line":33,"column":8},"end":{"line":33,"column":55}},"3":{"start":{"line":38,"column":8},"end":{"line":38,"column":44}},"4":{"start":{"line":39,"column":8},"end":{"line":39,"column":39}},"5":{"start":{"line":43,"column":8},"end":{"line":43,"column":44}},"6":{"start":{"line":45,"column":8},"end":{"line":45,"column":64}},"7":{"start":{"line":46,"column":8},"end":{"line":46,"column":44}},"8":{"start":{"line":47,"column":8},"end":{"line":47,"column":41}},"9":{"start":{"line":49,"column":8},"end":{"line":49,"column":1581}},"10":{"start":{"line":56,"column":8},"end":{"line":56,"column":80}},"11":{"start":{"line":60,"column":8},"end":{"line":60,"column":58}},"12":{"start":{"line":62,"column":8},"end":{"line":62,"column":41}},"13":{"start":{"line":65,"column":8},"end":{"line":65,"column":46}},"14":{"start":{"line":69,"column":8},"end":{"line":69,"column":31}},"15":{"start":{"line":73,"column":8},"end":{"line":73,"column":38}},"16":{"start":{"line":77,"column":8},"end":{"line":77,"column":60}},"17":{"start":{"line":78,"column":8},"end":{"line":78,"column":60}}},"branchMap":{"1":{"line":32,"type":"if","locations":[{"start":{"line":32,"column":8},"end":{"line":32,"column":8}},{"start":{"line":32,"column":8},"end":{"line":32,"column":8}}]},"2":{"line":33,"type":"if","locations":[{"start":{"line":33,"column":8},"end":{"line":33,"column":8}},{"start":{"line":33,"column":8},"end":{"line":33,"column":8}}]},"3":{"line":42,"type":"if","locations":[{"start":{"line":42,"column":75},"end":{"line":42,"column":75}},{"start":{"line":42,"column":75},"end":{"line":42,"column":75}}]},"4":{"line":43,"type":"if","locations":[{"start":{"line":43,"column":8},"end":{"line":43,"column":8}},{"start":{"line":43,"column":8},"end":{"line":43,"column":8}}]},"5":{"line":59,"type":"if","locations":[{"start":{"line":59,"column":50},"end":{"line":59,"column":50}},{"start":{"line":59,"column":50},"end":{"line":59,"column":50}}]},"6":{"line":60,"type":"if","locations":[{"start":{"line":60,"column":8},"end":{"line":60,"column":8}},{"start":{"line":60,"column":8},"end":{"line":60,"column":8}}]},"7":{"line":77,"type":"if","locations":[{"start":{"line":77,"column":8},"end":{"line":77,"column":8}},{"start":{"line":77,"column":8},"end":{"line":77,"column":8}}]}}}}